<?xml version="1.0" encoding="UTF-8"?>
<testng-results skipped="0" failed="0" ignored="0" total="1" passed="1">
  <reporter-output>
    <line>
      <![CDATA[launch chrome browser]]>
    </line>
    <line>
      <![CDATA[click the signup button]]>
    </line>
    <line>
      <![CDATA[enter the username and password]]>
    </line>
    <line>
      <![CDATA[close the browser]]>
    </line>
  </reporter-output>
  <suite name="Default suite" duration-ms="27640" started-at="2021-01-09T05:11:41Z" finished-at="2021-01-09T05:12:09Z">
    <groups>
    </groups>
    <test name="Default test" duration-ms="27640" started-at="2021-01-09T05:11:41Z" finished-at="2021-01-09T05:12:09Z">
      <class name="TestExample.FirstMethod.ActualClass">
        <test-method status="PASS" signature="setupApplication()[pri:0, instance:TestExample.FirstMethod.ActualClass@1d057a39]" name="setupApplication" is-config="true" duration-ms="19188" started-at="2021-01-09T05:11:41Z" finished-at="2021-01-09T05:12:00Z">
          <reporter-output>
            <line>
              <![CDATA[launch chrome browser]]>
            </line>
          </reporter-output>
        </test-method> <!-- setupApplication -->
        <test-method status="PASS" signature="findElement1()[pri:0, instance:TestExample.FirstMethod.ActualClass@1d057a39]" name="findElement1" duration-ms="1073" started-at="2021-01-09T05:12:00Z" finished-at="2021-01-09T05:12:01Z">
          <reporter-output>
            <line>
              <![CDATA[click the signup button]]>
            </line>
            <line>
              <![CDATA[enter the username and password]]>
            </line>
          </reporter-output>
        </test-method> <!-- findElement1 -->
        <test-method status="PASS" signature="closeBrowser()[pri:0, instance:TestExample.FirstMethod.ActualClass@1d057a39]" name="closeBrowser" is-config="true" duration-ms="7327" started-at="2021-01-09T05:12:01Z" finished-at="2021-01-09T05:12:09Z">
          <reporter-output>
            <line>
              <![CDATA[close the browser]]>
            </line>
          </reporter-output>
        </test-method> <!-- closeBrowser -->
      </class> <!-- TestExample.FirstMethod.ActualClass -->
    </test> <!-- Default test -->
  </suite> <!-- Default suite -->
</testng-results>
